app/build/intermediates/manifest_merge_blame_file/debug/processDebugMainManifest/manifest-merger-blame-debug-report.txt
1<?xml version="1.0" encoding="utf-8"?>
2<manifest xmlns:android="http://schemas.android.com/apk/res/android"
3    package="app.emurph.tv"
4    android:versionCode="7"
5    android:versionName="1.5.2" >
6
7    <uses-sdk
8        android:minSdkVersion="23"
9        android:targetSdkVersion="35" />
10
11    <uses-permission android:name="android.permission.INTERNET" />
11-->src/main/AndroidManifest.xml:2:5-67
11-->src/main/AndroidManifest.xml:2:22-64
12
13    <uses-feature
13-->src/main/AndroidManifest.xml:3:5-87
14        android:name="android.software.leanback"
14-->src/main/AndroidManifest.xml:3:19-59
15        android:required="false" />
15-->src/main/AndroidManifest.xml:3:60-84
16    <uses-feature
16-->src/main/AndroidManifest.xml:4:5-90
17        android:name="android.hardware.touchscreen"
17-->src/main/AndroidManifest.xml:4:19-62
18        android:required="false" />
18-->src/main/AndroidManifest.xml:4:63-87
19
20    <uses-permission android:name="android.permission.ACCESS_NETWORK_STATE" />
20-->[androidx.media3:media3-common:1.4.1] AndroidManifest.xml:22:5-79
20-->[androidx.media3:media3-common:1.4.1] AndroidManifest.xml:22:22-76
21
22    <permission
22-->[androidx.core:core:1.9.0] AndroidManifest.xml:22:5-24:47
23        android:name="app.emurph.tv.DYNAMIC_RECEIVER_NOT_EXPORTED_PERMISSION"
23-->[androidx.core:core:1.9.0] AndroidManifest.xml:23:9-81
24        android:protectionLevel="signature" />
24-->[androidx.core:core:1.9.0] AndroidManifest.xml:24:9-44
25
26    <uses-permission android:name="app.emurph.tv.DYNAMIC_RECEIVER_NOT_EXPORTED_PERMISSION" />
26-->[androidx.core:core:1.9.0] AndroidManifest.xml:26:5-97
26-->[androidx.core:core:1.9.0] AndroidManifest.xml:26:22-94
27
28    <application
28-->src/main/AndroidManifest.xml:6:5-25:19
29        android:allowBackup="true"
29-->src/main/AndroidManifest.xml:7:9-35
30        android:appComponentFactory="androidx.core.app.CoreComponentFactory"
30-->[androidx.core:core:1.9.0] AndroidManifest.xml:28:18-86
31        android:banner="@drawable/tv_banner"
31-->src/main/AndroidManifest.xml:8:9-45
32        android:debuggable="true"
33        android:extractNativeLibs="false"
34        android:icon="@drawable/app_icon"
34-->src/main/AndroidManifest.xml:9:9-42
35        android:label="EMurph TV"
35-->src/main/AndroidManifest.xml:10:9-34
36        android:networkSecurityConfig="@xml/network_security_config"
36-->src/main/AndroidManifest.xml:11:9-69
37        android:theme="@style/AppTheme"
37-->src/main/AndroidManifest.xml:12:9-40
38        android:usesCleartextTraffic="true" >
38-->src/main/AndroidManifest.xml:13:9-44
39        <activity
39-->src/main/AndroidManifest.xml:14:9-24:20
40            android:name="app.emurph.tv.MainActivity"
40-->src/main/AndroidManifest.xml:15:13-41
41            android:configChanges="keyboard|keyboardHidden|orientation|screenSize"
41-->src/main/AndroidManifest.xml:16:13-83
42            android:exported="true"
42-->src/main/AndroidManifest.xml:17:13-36
43            android:screenOrientation="landscape" >
43-->src/main/AndroidManifest.xml:18:13-50
44            <intent-filter>
44-->src/main/AndroidManifest.xml:19:13-23:29
45                <action android:name="android.intent.action.MAIN" />
45-->src/main/AndroidManifest.xml:20:17-69
45-->src/main/AndroidManifest.xml:20:25-66
46
47                <category android:name="android.intent.category.LAUNCHER" />
47-->src/main/AndroidManifest.xml:21:17-77
47-->src/main/AndroidManifest.xml:21:27-74
48                <category android:name="android.intent.category.LEANBACK_LAUNCHER" />
48-->src/main/AndroidManifest.xml:22:17-86
48-->src/main/AndroidManifest.xml:22:27-83
49            </intent-filter>
50        </activity>
51    </application>
52
53</manifest>